<?xml version="1.0" encoding="UTF-8"?>
<!-- Generated by org.testng.reporters.JUnitReportReporter -->
<testsuite hostname="DESKTOP-4V4BKJS" failures="0" tests="1" name="Flipkart.ecommerce.Amazon" time="18.462" errors="0" timestamp="2022-08-26T07:22:04 IST" skipped="0">
  <testcase classname="Flipkart.ecommerce.Amazon" name="launch" time="18.462"/>
  <system-out/>
</testsuite> <!-- Flipkart.ecommerce.Amazon -->
