<?xml version="1.0" encoding="UTF-8"?>
<!-- Generated by org.testng.reporters.JUnitReportReporter -->
<testsuite hostname="DESKTOP-4V4BKJS" failures="0" tests="4" name="Flipkart.ecommerce.Platform" time="0.031" errors="0" timestamp="2022-09-05T07:08:25 IST" skipped="0">
  <testcase classname="Flipkart.ecommerce.Platform" name="signup" time="0.019"/>
  <system-out/>
  <testcase classname="Flipkart.ecommerce.Platform" name="login" time="0.004"/>
  <system-out/>
  <testcase classname="Flipkart.ecommerce.Platform" name="searchProduct" time="0.003"/>
  <system-out/>
  <testcase classname="Flipkart.ecommerce.Platform" name="addtoCart" time="0.005"/>
  <system-out/>
</testsuite> <!-- Flipkart.ecommerce.Platform -->
