<?xml version="1.0" encoding="UTF-8"?>
<!-- Generated by org.testng.reporters.JUnitReportReporter -->
<testsuite hostname="DESKTOP-4V4BKJS" failures="0" tests="1" name="Flipkart.ecommerce.Snapdeal" time="8.461" errors="0" timestamp="2022-08-26T07:47:58 IST" skipped="0">
  <testcase classname="Flipkart.ecommerce.Snapdeal" name="launch" time="8.461"/>
  <system-out/>
</testsuite> <!-- Flipkart.ecommerce.Snapdeal -->
